Using pre-set license
Built from '2020.3/staging' branch; Version is '2020.3.11f1 (99c7afb366b3) revision 10078127'; Using compiler version '192528614'; Build Type 'Release'
OS: 'Windows 10 Home Single Language; OS build 19043.1081; Version 2009; 64bit' Language: 'en' Physical Memory: 7599 MB
BatchMode: 1, IsHumanControllingUs: 0, StartBugReporterOnCrash: 0, Is64bit: 1, IsPro: 0

 COMMAND LINE ARGUMENTS:
C:\Softwares\Unity\Editor\Unity.exe
-adb2
-batchMode
-noUpm
-name
AssetImportWorker0
-projectPath
C:/Unity Projects/The Return
-logFile
Logs/AssetImportWorker0.log
-srvPort
59004
Successfully changed project path to: C:/Unity Projects/The Return
C:/Unity Projects/The Return
Using Asset Import Pipeline V2.
Refreshing native plugins compatible for Editor in 85.11 ms, found 3 plugins.
Preloading 0 native plugins for Editor in 0.00 ms.
Initialize engine version: 2020.3.11f1 (99c7afb366b3)
[Subsystems] Discovering subsystems at path C:/Softwares/Unity/Editor/Data/Resources/UnitySubsystems
[Subsystems] Discovering subsystems at path C:/Unity Projects/The Return/Assets
GfxDevice: creating device client; threaded=0
Direct3D:
    Version:  Direct3D 11.0 [level 11.1]
    Renderer: NVIDIA GeForce GTX 1650 Ti (ID=0x1f95)
    Vendor:   
    VRAM:     3962 MB
    Driver:   27.21.14.5167
Initialize mono
Mono path[0] = 'C:/Softwares/Unity/Editor/Data/Managed'
Mono path[1] = 'C:/Softwares/Unity/Editor/Data/MonoBleedingEdge/lib/mono/unityjit'
Mono config path = 'C:/Softwares/Unity/Editor/Data/MonoBleedingEdge/etc'
Using monoOptions --debugger-agent=transport=dt_socket,embedding=1,server=y,suspend=n,address=127.0.0.1:56632
Begin MonoManager ReloadAssembly
Registering precompiled unity dll's ...
Register platform support module: C:/Softwares/Unity/Editor/Data/PlaybackEngines/WindowsStandaloneSupport/UnityEditor.WindowsStandalone.Extensions.dll
Registered in 0.004470 seconds.
Native extension for WindowsStandalone target not found
Refreshing native plugins compatible for Editor in 106.62 ms, found 3 plugins.
Preloading 0 native plugins for Editor in 0.00 ms.
Mono: successfully reloaded assembly
- Completed reload, in  2.580 seconds
Platform modules already initialized, skipping
Registering precompiled user dll's ...
Registered in 0.014328 seconds.
Begin MonoManager ReloadAssembly
Native extension for WindowsStandalone target not found
Refreshing native plugins compatible for Editor in 83.92 ms, found 3 plugins.
Preloading 0 native plugins for Editor in 0.00 ms.
Mono: successfully reloaded assembly
- Completed reload, in  2.143 seconds
Platform modules already initialized, skipping
========================================================================
Worker process is ready to serve import requests
Launched and connected shader compiler UnityShaderCompiler.exe after 0.06 seconds
Refreshing native plugins compatible for Editor in 1.20 ms, found 3 plugins.
Preloading 0 native plugins for Editor in 0.00 ms.
Unloading 2094 Unused Serialized files (Serialized files now loaded: 0)
System memory in use before: 93.2 MB.
System memory in use after: 93.1 MB.

Unloading 33 unused Assets to reduce memory usage. Loaded Objects now: 2528.
Total: 5.083600 ms (FindLiveObjects: 0.493000 ms CreateObjectMapping: 0.098700 ms MarkObjects: 4.242300 ms  DeleteObjects: 0.245600 ms)

========================================================================
Received Import Request.
  path: Assets/Scripts/Actions/TalkTo.cs
  artifactKey: Guid(1d54fe60387ca2940be87852234808a7) Importer(815301076,1909f56bfc062723c751e8b465ee728b)
Start importing Assets/Scripts/Actions/TalkTo.cs using Guid(1d54fe60387ca2940be87852234808a7) Importer(815301076,1909f56bfc062723c751e8b465ee728b)  -> (artifact id: '5718b982c0000aa1777f5159991af2b3') in 0.075794 seconds
  Import took 0.082763 seconds .

========================================================================
Received Prepare
Registering precompiled user dll's ...
Registered in 0.035493 seconds.
Begin MonoManager ReloadAssembly
Native extension for WindowsStandalone target not found
Refreshing native plugins compatible for Editor in 0.99 ms, found 3 plugins.
Preloading 0 native plugins for Editor in 0.00 ms.
Mono: successfully reloaded assembly
- Completed reload, in  4.866 seconds
Platform modules already initialized, skipping
Refreshing native plugins compatible for Editor in 0.73 ms, found 3 plugins.
Preloading 0 native plugins for Editor in 0.00 ms.
Unloading 2089 Unused Serialized files (Serialized files now loaded: 0)
System memory in use before: 93.1 MB.
System memory in use after: 93.1 MB.

Unloading 21 unused Assets to reduce memory usage. Loaded Objects now: 2532.
Total: 2.764100 ms (FindLiveObjects: 0.404400 ms CreateObjectMapping: 0.106000 ms MarkObjects: 2.089600 ms  DeleteObjects: 0.161600 ms)

========================================================================
Received Prepare
Registering precompiled user dll's ...
Registered in 0.272710 seconds.
Begin MonoManager ReloadAssembly
Native extension for WindowsStandalone target not found
Refreshing native plugins compatible for Editor in 0.49 ms, found 3 plugins.
Preloading 0 native plugins for Editor in 0.00 ms.
Mono: successfully reloaded assembly
- Completed reload, in  1.941 seconds
Platform modules already initialized, skipping
Refreshing native plugins compatible for Editor in 0.62 ms, found 3 plugins.
Preloading 0 native plugins for Editor in 0.00 ms.
Unloading 2089 Unused Serialized files (Serialized files now loaded: 0)
System memory in use before: 93.2 MB.
System memory in use after: 93.2 MB.

Unloading 21 unused Assets to reduce memory usage. Loaded Objects now: 2536.
Total: 3.594000 ms (FindLiveObjects: 0.270600 ms CreateObjectMapping: 0.081800 ms MarkObjects: 3.088700 ms  DeleteObjects: 0.150900 ms)

========================================================================
Received Import Request.
  Time since last request: 164.830508 seconds.
  path: Assets/Scripts/Actions/TalkTo.cs
  artifactKey: Guid(1d54fe60387ca2940be87852234808a7) Importer(815301076,1909f56bfc062723c751e8b465ee728b)
Start importing Assets/Scripts/Actions/TalkTo.cs using Guid(1d54fe60387ca2940be87852234808a7) Importer(815301076,1909f56bfc062723c751e8b465ee728b)  -> (artifact id: '9daca93032c7d5aaa1203c37c9ed1f3c') in 0.018488 seconds
  Import took 0.024368 seconds .

========================================================================
Received Import Request.
  Time since last request: 9.186394 seconds.
  path: Assets/New Talk To.asset
  artifactKey: Guid(fa5bf097f58ab59449ec883401e5e73b) Importer(815301076,1909f56bfc062723c751e8b465ee728b)
Start importing Assets/New Talk To.asset using Guid(fa5bf097f58ab59449ec883401e5e73b) Importer(815301076,1909f56bfc062723c751e8b465ee728b)  -> (artifact id: '02628c1048ab222cfd8149ba71caa472') in 0.048867 seconds
  Import took 0.059088 seconds .

========================================================================
Received Import Request.
  Time since last request: 25.720019 seconds.
  path: Assets/Actions/TalkTo.asset
  artifactKey: Guid(f09289fe6c9f77043871ddd6c49be4a6) Importer(815301076,1909f56bfc062723c751e8b465ee728b)
Start importing Assets/Actions/TalkTo.asset using Guid(f09289fe6c9f77043871ddd6c49be4a6) Importer(815301076,1909f56bfc062723c751e8b465ee728b)  -> (artifact id: 'a452c9d33ba2082a67f8e2390776110e') in 0.014787 seconds
  Import took 0.022718 seconds .

========================================================================
Received Import Request.
  Time since last request: 1.998353 seconds.
  path: Assets/Actions/Use.asset
  artifactKey: Guid(7131539b1777f6b4692361e0e01504de) Importer(815301076,1909f56bfc062723c751e8b465ee728b)
Start importing Assets/Actions/Use.asset using Guid(7131539b1777f6b4692361e0e01504de) Importer(815301076,1909f56bfc062723c751e8b465ee728b)  -> (artifact id: 'bbcfdc7219c4dc60eae9c4a93d6a7ae1') in 0.041632 seconds
  Import took 0.049962 seconds .

========================================================================
Received Import Request.
  Time since last request: 52.310810 seconds.
  path: Assets/Scripts/Actions/Say.cs
  artifactKey: Guid(1eb9001ae8efb5f48b216004bbabfe1c) Importer(815301076,1909f56bfc062723c751e8b465ee728b)
Start importing Assets/Scripts/Actions/Say.cs using Guid(1eb9001ae8efb5f48b216004bbabfe1c) Importer(815301076,1909f56bfc062723c751e8b465ee728b)  -> (artifact id: '74b8e89c93dec4c11002a8704e12507b') in 0.023056 seconds
  Import took 0.035550 seconds .

========================================================================
Received Prepare
Registering precompiled user dll's ...
Registered in 0.003727 seconds.
Begin MonoManager ReloadAssembly
Native extension for WindowsStandalone target not found
Refreshing native plugins compatible for Editor in 0.47 ms, found 3 plugins.
Preloading 0 native plugins for Editor in 0.00 ms.
Mono: successfully reloaded assembly
- Completed reload, in  1.324 seconds
Platform modules already initialized, skipping
Refreshing native plugins compatible for Editor in 0.47 ms, found 3 plugins.
Preloading 0 native plugins for Editor in 0.00 ms.
Unloading 2090 Unused Serialized files (Serialized files now loaded: 0)
System memory in use before: 93.2 MB.
System memory in use after: 93.2 MB.

Unloading 21 unused Assets to reduce memory usage. Loaded Objects now: 2541.
Total: 3.462600 ms (FindLiveObjects: 0.220500 ms CreateObjectMapping: 0.049400 ms MarkObjects: 3.073800 ms  DeleteObjects: 0.117700 ms)

========================================================================
Received Prepare
Registering precompiled user dll's ...
Registered in 0.007830 seconds.
Begin MonoManager ReloadAssembly
Native extension for WindowsStandalone target not found
Refreshing native plugins compatible for Editor in 1.26 ms, found 3 plugins.
Preloading 0 native plugins for Editor in 0.00 ms.
Mono: successfully reloaded assembly
- Completed reload, in  2.324 seconds
Platform modules already initialized, skipping
Refreshing native plugins compatible for Editor in 0.66 ms, found 3 plugins.
Preloading 0 native plugins for Editor in 0.00 ms.
Unloading 2090 Unused Serialized files (Serialized files now loaded: 0)
System memory in use before: 93.2 MB.
System memory in use after: 93.2 MB.

Unloading 21 unused Assets to reduce memory usage. Loaded Objects now: 2545.
Total: 6.298600 ms (FindLiveObjects: 0.275800 ms CreateObjectMapping: 0.078600 ms MarkObjects: 5.723300 ms  DeleteObjects: 0.218800 ms)

========================================================================
Received Import Request.
  Time since last request: 50.196327 seconds.
  path: Assets/Scripts/Actions/Say.cs
  artifactKey: Guid(1eb9001ae8efb5f48b216004bbabfe1c) Importer(815301076,1909f56bfc062723c751e8b465ee728b)
Start importing Assets/Scripts/Actions/Say.cs using Guid(1eb9001ae8efb5f48b216004bbabfe1c) Importer(815301076,1909f56bfc062723c751e8b465ee728b)  -> (artifact id: 'ef3e501b2860312b62c0b3e0692ac55c') in 0.011446 seconds
  Import took 0.019676 seconds .

========================================================================
Received Import Request.
  Time since last request: 18.006057 seconds.
  path: Assets/Actions/Say.asset
  artifactKey: Guid(77bff6dc130876641ba26fce7ef36d97) Importer(815301076,1909f56bfc062723c751e8b465ee728b)
Start importing Assets/Actions/Say.asset using Guid(77bff6dc130876641ba26fce7ef36d97) Importer(815301076,1909f56bfc062723c751e8b465ee728b)  -> (artifact id: 'cc71bb4f99bb3392a083be60b2537bca') in 0.027130 seconds
  Import took 0.035469 seconds .

========================================================================
Received Prepare
Registering precompiled user dll's ...
Registered in 0.005864 seconds.
Begin MonoManager ReloadAssembly
Native extension for WindowsStandalone target not found
Refreshing native plugins compatible for Editor in 0.58 ms, found 3 plugins.
Preloading 0 native plugins for Editor in 0.00 ms.
Mono: successfully reloaded assembly
- Completed reload, in  1.519 seconds
Platform modules already initialized, skipping
Refreshing native plugins compatible for Editor in 0.57 ms, found 3 plugins.
Preloading 0 native plugins for Editor in 0.00 ms.
Unloading 2090 Unused Serialized files (Serialized files now loaded: 0)
System memory in use before: 93.3 MB.
System memory in use after: 93.2 MB.

Unloading 21 unused Assets to reduce memory usage. Loaded Objects now: 2549.
Total: 3.034100 ms (FindLiveObjects: 0.464800 ms CreateObjectMapping: 0.073100 ms MarkObjects: 2.371900 ms  DeleteObjects: 0.122500 ms)

========================================================================
Received Prepare
Registering precompiled user dll's ...
Registered in 0.006905 seconds.
Begin MonoManager ReloadAssembly
Native extension for WindowsStandalone target not found
Refreshing native plugins compatible for Editor in 0.83 ms, found 3 plugins.
Preloading 0 native plugins for Editor in 0.00 ms.
Mono: successfully reloaded assembly
- Completed reload, in  1.779 seconds
Platform modules already initialized, skipping
Refreshing native plugins compatible for Editor in 0.63 ms, found 3 plugins.
Preloading 0 native plugins for Editor in 0.00 ms.
Unloading 2090 Unused Serialized files (Serialized files now loaded: 0)
System memory in use before: 93.2 MB.
System memory in use after: 93.2 MB.

Unloading 21 unused Assets to reduce memory usage. Loaded Objects now: 2553.
Total: 3.106000 ms (FindLiveObjects: 0.319700 ms CreateObjectMapping: 0.081500 ms MarkObjects: 2.536700 ms  DeleteObjects: 0.166100 ms)

========================================================================
Received Prepare
Registering precompiled user dll's ...
Registered in 0.007338 seconds.
Begin MonoManager ReloadAssembly
Native extension for WindowsStandalone target not found
Refreshing native plugins compatible for Editor in 1.69 ms, found 3 plugins.
Preloading 0 native plugins for Editor in 0.00 ms.
Mono: successfully reloaded assembly
- Completed reload, in  2.213 seconds
Platform modules already initialized, skipping
Refreshing native plugins compatible for Editor in 0.77 ms, found 3 plugins.
Preloading 0 native plugins for Editor in 0.00 ms.
Unloading 2090 Unused Serialized files (Serialized files now loaded: 0)
System memory in use before: 93.3 MB.
System memory in use after: 93.2 MB.

Unloading 21 unused Assets to reduce memory usage. Loaded Objects now: 2557.
Total: 3.870900 ms (FindLiveObjects: 0.372900 ms CreateObjectMapping: 0.086300 ms MarkObjects: 3.261700 ms  DeleteObjects: 0.148100 ms)

========================================================================
Received Prepare
Registering precompiled user dll's ...
Registered in 0.008789 seconds.
Begin MonoManager ReloadAssembly
Native extension for WindowsStandalone target not found
Refreshing native plugins compatible for Editor in 0.65 ms, found 3 plugins.
Preloading 0 native plugins for Editor in 0.00 ms.
Mono: successfully reloaded assembly
- Completed reload, in  1.840 seconds
Platform modules already initialized, skipping
Refreshing native plugins compatible for Editor in 0.64 ms, found 3 plugins.
Preloading 0 native plugins for Editor in 0.00 ms.
Unloading 2090 Unused Serialized files (Serialized files now loaded: 0)
System memory in use before: 93.3 MB.
System memory in use after: 93.2 MB.

Unloading 21 unused Assets to reduce memory usage. Loaded Objects now: 2561.
Total: 3.574500 ms (FindLiveObjects: 0.351000 ms CreateObjectMapping: 0.131400 ms MarkObjects: 2.880600 ms  DeleteObjects: 0.209200 ms)

========================================================================
Received Prepare
Registering precompiled user dll's ...
Registered in 0.006299 seconds.
Begin MonoManager ReloadAssembly
Native extension for WindowsStandalone target not found
Refreshing native plugins compatible for Editor in 0.74 ms, found 3 plugins.
Preloading 0 native plugins for Editor in 0.00 ms.
Mono: successfully reloaded assembly
- Completed reload, in  1.776 seconds
Platform modules already initialized, skipping
Refreshing native plugins compatible for Editor in 0.63 ms, found 3 plugins.
Preloading 0 native plugins for Editor in 0.00 ms.
Unloading 2090 Unused Serialized files (Serialized files now loaded: 0)
System memory in use before: 93.3 MB.
System memory in use after: 93.3 MB.

Unloading 21 unused Assets to reduce memory usage. Loaded Objects now: 2565.
Total: 4.809600 ms (FindLiveObjects: 0.419800 ms CreateObjectMapping: 0.108700 ms MarkObjects: 4.063800 ms  DeleteObjects: 0.214700 ms)

========================================================================
Received Prepare
Registering precompiled user dll's ...
Registered in 0.005882 seconds.
Begin MonoManager ReloadAssembly
Native extension for WindowsStandalone target not found
Refreshing native plugins compatible for Editor in 0.94 ms, found 3 plugins.
Preloading 0 native plugins for Editor in 0.00 ms.
Mono: successfully reloaded assembly
- Completed reload, in  1.815 seconds
Platform modules already initialized, skipping
Refreshing native plugins compatible for Editor in 0.72 ms, found 3 plugins.
Preloading 0 native plugins for Editor in 0.00 ms.
Unloading 2090 Unused Serialized files (Serialized files now loaded: 0)
System memory in use before: 93.3 MB.
System memory in use after: 93.3 MB.

Unloading 21 unused Assets to reduce memory usage. Loaded Objects now: 2569.
Total: 3.636600 ms (FindLiveObjects: 0.284200 ms CreateObjectMapping: 0.082700 ms MarkObjects: 3.107500 ms  DeleteObjects: 0.160300 ms)

========================================================================
Received Import Request.
  Time since last request: 2638.493394 seconds.
  path: Assets/Scripts/Interaction.cs
  artifactKey: Guid(051dcb37c9cae944c8b4cb5b61d4da2f) Importer(815301076,1909f56bfc062723c751e8b465ee728b)
Start importing Assets/Scripts/Interaction.cs using Guid(051dcb37c9cae944c8b4cb5b61d4da2f) Importer(815301076,1909f56bfc062723c751e8b465ee728b)  -> (artifact id: '29df94e54fa41440da576f73ca8f5954') in 0.027829 seconds
  Import took 0.035891 seconds .

========================================================================
Received Prepare
Registering precompiled user dll's ...
Registered in 0.005406 seconds.
Begin MonoManager ReloadAssembly
Native extension for WindowsStandalone target not found
Refreshing native plugins compatible for Editor in 0.61 ms, found 3 plugins.
Preloading 0 native plugins for Editor in 0.00 ms.
Mono: successfully reloaded assembly
- Completed reload, in  1.710 seconds
Platform modules already initialized, skipping
Refreshing native plugins compatible for Editor in 0.68 ms, found 3 plugins.
Preloading 0 native plugins for Editor in 0.00 ms.
Unloading 2090 Unused Serialized files (Serialized files now loaded: 0)
System memory in use before: 93.3 MB.
System memory in use after: 93.3 MB.

Unloading 21 unused Assets to reduce memory usage. Loaded Objects now: 2573.
Total: 3.186300 ms (FindLiveObjects: 0.281200 ms CreateObjectMapping: 0.077100 ms MarkObjects: 2.677900 ms  DeleteObjects: 0.148200 ms)

========================================================================
Received Prepare
Registering precompiled user dll's ...
Registered in 0.007422 seconds.
Begin MonoManager ReloadAssembly
Native extension for WindowsStandalone target not found
Refreshing native plugins compatible for Editor in 0.62 ms, found 3 plugins.
Preloading 0 native plugins for Editor in 0.00 ms.
Mono: successfully reloaded assembly
- Completed reload, in  2.060 seconds
Platform modules already initialized, skipping
Refreshing native plugins compatible for Editor in 0.67 ms, found 3 plugins.
Preloading 0 native plugins for Editor in 0.00 ms.
Unloading 2090 Unused Serialized files (Serialized files now loaded: 0)
System memory in use before: 93.3 MB.
System memory in use after: 93.3 MB.

Unloading 21 unused Assets to reduce memory usage. Loaded Objects now: 2577.
Total: 3.583200 ms (FindLiveObjects: 0.328200 ms CreateObjectMapping: 0.130700 ms MarkObjects: 2.809800 ms  DeleteObjects: 0.312200 ms)

========================================================================
Received Prepare
Registering precompiled user dll's ...
Registered in 0.007807 seconds.
Begin MonoManager ReloadAssembly
Native extension for WindowsStandalone target not found
Refreshing native plugins compatible for Editor in 0.49 ms, found 3 plugins.
Preloading 0 native plugins for Editor in 0.00 ms.
Mono: successfully reloaded assembly
- Completed reload, in  0.991 seconds
Platform modules already initialized, skipping
Refreshing native plugins compatible for Editor in 0.53 ms, found 3 plugins.
Preloading 0 native plugins for Editor in 0.00 ms.
Unloading 2090 Unused Serialized files (Serialized files now loaded: 0)
System memory in use before: 93.3 MB.
System memory in use after: 93.3 MB.

Unloading 21 unused Assets to reduce memory usage. Loaded Objects now: 2581.
Total: 3.297800 ms (FindLiveObjects: 0.344200 ms CreateObjectMapping: 0.104100 ms MarkObjects: 2.609100 ms  DeleteObjects: 0.238500 ms)

========================================================================
Received Import Request.
  Time since last request: 19941.877184 seconds.
  path: Assets/Scripts/Actions/Give.cs
  artifactKey: Guid(191563a1fe825184aaff9040121efe26) Importer(815301076,1909f56bfc062723c751e8b465ee728b)
Start importing Assets/Scripts/Actions/Give.cs using Guid(191563a1fe825184aaff9040121efe26) Importer(815301076,1909f56bfc062723c751e8b465ee728b)  -> (artifact id: 'ca8d1ca1f0bb39c851b3ccef12c6a496') in 0.019002 seconds
  Import took 0.023872 seconds .

========================================================================
Received Prepare
Registering precompiled user dll's ...
Registered in 0.004187 seconds.
Begin MonoManager ReloadAssembly
Native extension for WindowsStandalone target not found
Refreshing native plugins compatible for Editor in 0.57 ms, found 3 plugins.
Preloading 0 native plugins for Editor in 0.00 ms.
Mono: successfully reloaded assembly
- Completed reload, in  1.050 seconds
Platform modules already initialized, skipping
Refreshing native plugins compatible for Editor in 0.47 ms, found 3 plugins.
Preloading 0 native plugins for Editor in 0.00 ms.
Unloading 2091 Unused Serialized files (Serialized files now loaded: 0)
System memory in use before: 93.3 MB.
System memory in use after: 93.3 MB.

Unloading 21 unused Assets to reduce memory usage. Loaded Objects now: 2586.
Total: 3.285600 ms (FindLiveObjects: 0.293400 ms CreateObjectMapping: 0.104400 ms MarkObjects: 2.694600 ms  DeleteObjects: 0.190400 ms)

========================================================================
Received Prepare
Registering precompiled user dll's ...
Registered in 0.003448 seconds.
Begin MonoManager ReloadAssembly
Native extension for WindowsStandalone target not found
Refreshing native plugins compatible for Editor in 1.09 ms, found 3 plugins.
Preloading 0 native plugins for Editor in 0.00 ms.
Mono: successfully reloaded assembly
- Completed reload, in  1.348 seconds
Platform modules already initialized, skipping
Refreshing native plugins compatible for Editor in 2.21 ms, found 3 plugins.
Preloading 0 native plugins for Editor in 0.00 ms.
Unloading 2091 Unused Serialized files (Serialized files now loaded: 0)
System memory in use before: 93.3 MB.
System memory in use after: 93.3 MB.

Unloading 21 unused Assets to reduce memory usage. Loaded Objects now: 2590.
Total: 5.163600 ms (FindLiveObjects: 0.501600 ms CreateObjectMapping: 0.098500 ms MarkObjects: 4.405400 ms  DeleteObjects: 0.156000 ms)

========================================================================
Received Import Request.
  Time since last request: 84.138258 seconds.
  path: Assets/Scripts/Actions/Give.cs
  artifactKey: Guid(191563a1fe825184aaff9040121efe26) Importer(815301076,1909f56bfc062723c751e8b465ee728b)
Start importing Assets/Scripts/Actions/Give.cs using Guid(191563a1fe825184aaff9040121efe26) Importer(815301076,1909f56bfc062723c751e8b465ee728b)  -> (artifact id: '90f57afe372f74fd1464f920177eb6b7') in 0.011549 seconds
  Import took 0.020404 seconds .

========================================================================
Received Prepare
Registering precompiled user dll's ...
Registered in 0.003524 seconds.
Begin MonoManager ReloadAssembly
Native extension for WindowsStandalone target not found
Refreshing native plugins compatible for Editor in 0.48 ms, found 3 plugins.
Preloading 0 native plugins for Editor in 0.00 ms.
Mono: successfully reloaded assembly
- Completed reload, in  0.998 seconds
Platform modules already initialized, skipping
Refreshing native plugins compatible for Editor in 0.50 ms, found 3 plugins.
Preloading 0 native plugins for Editor in 0.00 ms.
Unloading 2091 Unused Serialized files (Serialized files now loaded: 0)
System memory in use before: 93.4 MB.
System memory in use after: 93.3 MB.

Unloading 21 unused Assets to reduce memory usage. Loaded Objects now: 2594.
Total: 2.605200 ms (FindLiveObjects: 0.230000 ms CreateObjectMapping: 0.052800 ms MarkObjects: 2.186400 ms  DeleteObjects: 0.134100 ms)

========================================================================
Received Import Request.
  Time since last request: 430.960796 seconds.
  path: Assets/Scripts/Actions/Give.cs
  artifactKey: Guid(191563a1fe825184aaff9040121efe26) Importer(815301076,1909f56bfc062723c751e8b465ee728b)
Start importing Assets/Scripts/Actions/Give.cs using Guid(191563a1fe825184aaff9040121efe26) Importer(815301076,1909f56bfc062723c751e8b465ee728b)  -> (artifact id: '89defe388f33e39ab0794c3a2f666c8d') in 0.008086 seconds
  Import took 0.013542 seconds .

========================================================================
Received Import Request.
  Time since last request: 11.990539 seconds.
  path: Assets/Actions/Give.asset
  artifactKey: Guid(6b805520b5a86124c99954fbe9605ff4) Importer(815301076,1909f56bfc062723c751e8b465ee728b)
Start importing Assets/Actions/Give.asset using Guid(6b805520b5a86124c99954fbe9605ff4) Importer(815301076,1909f56bfc062723c751e8b465ee728b)  -> (artifact id: '8316f185f65ed714010c14573ae82da2') in 0.018341 seconds
  Import took 0.022433 seconds .

========================================================================
Received Prepare
Registering precompiled user dll's ...
Registered in 0.003455 seconds.
Begin MonoManager ReloadAssembly
Native extension for WindowsStandalone target not found
Refreshing native plugins compatible for Editor in 0.63 ms, found 3 plugins.
Preloading 0 native plugins for Editor in 0.00 ms.
Mono: successfully reloaded assembly
- Completed reload, in  0.989 seconds
Platform modules already initialized, skipping
Refreshing native plugins compatible for Editor in 0.48 ms, found 3 plugins.
Preloading 0 native plugins for Editor in 0.00 ms.
Unloading 2091 Unused Serialized files (Serialized files now loaded: 0)
System memory in use before: 93.4 MB.
System memory in use after: 93.3 MB.

Unloading 21 unused Assets to reduce memory usage. Loaded Objects now: 2598.
Total: 3.341200 ms (FindLiveObjects: 0.291200 ms CreateObjectMapping: 0.109700 ms MarkObjects: 2.796300 ms  DeleteObjects: 0.142200 ms)

========================================================================
Received Prepare
Registering precompiled user dll's ...
Registered in 0.003421 seconds.
Begin MonoManager ReloadAssembly
Native extension for WindowsStandalone target not found
Refreshing native plugins compatible for Editor in 0.53 ms, found 3 plugins.
Preloading 0 native plugins for Editor in 0.00 ms.
Mono: successfully reloaded assembly
- Completed reload, in  1.020 seconds
Platform modules already initialized, skipping
Refreshing native plugins compatible for Editor in 0.60 ms, found 3 plugins.
Preloading 0 native plugins for Editor in 0.00 ms.
Unloading 2091 Unused Serialized files (Serialized files now loaded: 0)
System memory in use before: 93.4 MB.
System memory in use after: 93.4 MB.

Unloading 21 unused Assets to reduce memory usage. Loaded Objects now: 2602.
Total: 2.626600 ms (FindLiveObjects: 0.338200 ms CreateObjectMapping: 0.055900 ms MarkObjects: 2.098500 ms  DeleteObjects: 0.132000 ms)

========================================================================
Received Prepare
Registering precompiled user dll's ...
Registered in 0.003507 seconds.
Begin MonoManager ReloadAssembly
Native extension for WindowsStandalone target not found
Refreshing native plugins compatible for Editor in 0.46 ms, found 3 plugins.
Preloading 0 native plugins for Editor in 0.00 ms.
Mono: successfully reloaded assembly
- Completed reload, in  1.037 seconds
Platform modules already initialized, skipping
Refreshing native plugins compatible for Editor in 0.49 ms, found 3 plugins.
Preloading 0 native plugins for Editor in 0.00 ms.
Unloading 2091 Unused Serialized files (Serialized files now loaded: 0)
System memory in use before: 93.4 MB.
System memory in use after: 93.4 MB.

Unloading 21 unused Assets to reduce memory usage. Loaded Objects now: 2606.
Total: 3.019100 ms (FindLiveObjects: 0.323300 ms CreateObjectMapping: 0.109000 ms MarkObjects: 2.453700 ms  DeleteObjects: 0.131300 ms)

========================================================================
Received Prepare
Registering precompiled user dll's ...
Registered in 0.003424 seconds.
Begin MonoManager ReloadAssembly
Native extension for WindowsStandalone target not found
Refreshing native plugins compatible for Editor in 0.49 ms, found 3 plugins.
Preloading 0 native plugins for Editor in 0.00 ms.
Mono: successfully reloaded assembly
- Completed reload, in  1.008 seconds
Platform modules already initialized, skipping
Refreshing native plugins compatible for Editor in 0.48 ms, found 3 plugins.
Preloading 0 native plugins for Editor in 0.00 ms.
Unloading 2091 Unused Serialized files (Serialized files now loaded: 0)
System memory in use before: 93.4 MB.
System memory in use after: 93.4 MB.

Unloading 21 unused Assets to reduce memory usage. Loaded Objects now: 2610.
Total: 2.383100 ms (FindLiveObjects: 0.294700 ms CreateObjectMapping: 0.103300 ms MarkObjects: 1.856900 ms  DeleteObjects: 0.126400 ms)

========================================================================
Received Prepare
Registering precompiled user dll's ...
Registered in 0.003545 seconds.
Begin MonoManager ReloadAssembly
Native extension for WindowsStandalone target not found
Refreshing native plugins compatible for Editor in 0.47 ms, found 3 plugins.
Preloading 0 native plugins for Editor in 0.00 ms.
Mono: successfully reloaded assembly
- Completed reload, in  1.085 seconds
Platform modules already initialized, skipping
Refreshing native plugins compatible for Editor in 0.96 ms, found 3 plugins.
Preloading 0 native plugins for Editor in 0.00 ms.
Unloading 2091 Unused Serialized files (Serialized files now loaded: 0)
System memory in use before: 93.4 MB.
System memory in use after: 93.4 MB.

Unloading 21 unused Assets to reduce memory usage. Loaded Objects now: 2614.
Total: 3.924500 ms (FindLiveObjects: 0.359800 ms CreateObjectMapping: 0.084500 ms MarkObjects: 3.126200 ms  DeleteObjects: 0.350100 ms)

========================================================================
Received Prepare
Registering precompiled user dll's ...
Registered in 0.003616 seconds.
Begin MonoManager ReloadAssembly
Native extension for WindowsStandalone target not found
Refreshing native plugins compatible for Editor in 0.47 ms, found 3 plugins.
Preloading 0 native plugins for Editor in 0.00 ms.
Mono: successfully reloaded assembly
- Completed reload, in  1.071 seconds
Platform modules already initialized, skipping
Refreshing native plugins compatible for Editor in 0.64 ms, found 3 plugins.
Preloading 0 native plugins for Editor in 0.00 ms.
Unloading 2091 Unused Serialized files (Serialized files now loaded: 0)
System memory in use before: 93.4 MB.
System memory in use after: 93.4 MB.

Unloading 21 unused Assets to reduce memory usage. Loaded Objects now: 2618.
Total: 5.433800 ms (FindLiveObjects: 0.368100 ms CreateObjectMapping: 0.112500 ms MarkObjects: 4.779700 ms  DeleteObjects: 0.170100 ms)

========================================================================
Received Prepare
Registering precompiled user dll's ...
Registered in 0.004147 seconds.
Begin MonoManager ReloadAssembly
Native extension for WindowsStandalone target not found
Refreshing native plugins compatible for Editor in 0.48 ms, found 3 plugins.
Preloading 0 native plugins for Editor in 0.00 ms.
Mono: successfully reloaded assembly
- Completed reload, in  0.965 seconds
Platform modules already initialized, skipping
Refreshing native plugins compatible for Editor in 0.63 ms, found 3 plugins.
Preloading 0 native plugins for Editor in 0.00 ms.
Unloading 2091 Unused Serialized files (Serialized files now loaded: 0)
System memory in use before: 93.4 MB.
System memory in use after: 93.4 MB.

Unloading 21 unused Assets to reduce memory usage. Loaded Objects now: 2622.
Total: 2.761400 ms (FindLiveObjects: 0.410600 ms CreateObjectMapping: 0.106000 ms MarkObjects: 2.052700 ms  DeleteObjects: 0.189000 ms)

========================================================================
Received Prepare
Registering precompiled user dll's ...
Registered in 0.004676 seconds.
Begin MonoManager ReloadAssembly
Native extension for WindowsStandalone target not found
Refreshing native plugins compatible for Editor in 0.46 ms, found 3 plugins.
Preloading 0 native plugins for Editor in 0.00 ms.
Mono: successfully reloaded assembly
- Completed reload, in  0.956 seconds
Platform modules already initialized, skipping
Refreshing native plugins compatible for Editor in 0.57 ms, found 3 plugins.
Preloading 0 native plugins for Editor in 0.00 ms.
Unloading 2091 Unused Serialized files (Serialized files now loaded: 0)
System memory in use before: 93.4 MB.
System memory in use after: 93.4 MB.

Unloading 21 unused Assets to reduce memory usage. Loaded Objects now: 2626.
Total: 2.791900 ms (FindLiveObjects: 0.389800 ms CreateObjectMapping: 0.062600 ms MarkObjects: 2.212900 ms  DeleteObjects: 0.125100 ms)

========================================================================
Received Import Request.
  Time since last request: 3600.197243 seconds.
  path: Assets/Actions/Help.asset
  artifactKey: Guid(0a8ddc9664bb1e44b97318e6531af214) Importer(815301076,1909f56bfc062723c751e8b465ee728b)
Start importing Assets/Actions/Help.asset using Guid(0a8ddc9664bb1e44b97318e6531af214) Importer(815301076,1909f56bfc062723c751e8b465ee728b)  -> (artifact id: 'ff5f871362e937d47961d0c6c1e53575') in 0.036925 seconds
  Import took 0.041202 seconds .

========================================================================
Received Import Request.
  Time since last request: 0.002431 seconds.
  path: Assets/Actions/Help.asset
  artifactKey: Guid(0a8ddc9664bb1e44b97318e6531af214) Importer(815301076,1909f56bfc062723c751e8b465ee728b)
Start importing Assets/Actions/Help.asset using Guid(0a8ddc9664bb1e44b97318e6531af214) Importer(815301076,1909f56bfc062723c751e8b465ee728b)  -> (artifact id: 'ff5f871362e937d47961d0c6c1e53575') in 0.004267 seconds
  Import took 0.008964 seconds .

========================================================================
Received Import Request.
  Time since last request: 2.760968 seconds.
  path: Assets/Scripts/Actions/Help.cs
  artifactKey: Guid(6aaa85e4f6e15ed43841301440bfe290) Importer(815301076,1909f56bfc062723c751e8b465ee728b)
Start importing Assets/Scripts/Actions/Help.cs using Guid(6aaa85e4f6e15ed43841301440bfe290) Importer(815301076,1909f56bfc062723c751e8b465ee728b)  -> (artifact id: '6331091f2fdb363f1e6b528995e60cd7') in 0.003695 seconds
  Import took 0.007913 seconds .

========================================================================
Received Import Request.
  Time since last request: 0.000685 seconds.
  path: Assets/Scripts/Actions/Help.cs
  artifactKey: Guid(6aaa85e4f6e15ed43841301440bfe290) Importer(815301076,1909f56bfc062723c751e8b465ee728b)
Start importing Assets/Scripts/Actions/Help.cs using Guid(6aaa85e4f6e15ed43841301440bfe290) Importer(815301076,1909f56bfc062723c751e8b465ee728b)  -> (artifact id: '6331091f2fdb363f1e6b528995e60cd7') in 0.003727 seconds
  Import took 0.007664 seconds .

========================================================================
Received Prepare
Registering precompiled user dll's ...
Registered in 0.003850 seconds.
Begin MonoManager ReloadAssembly
Native extension for WindowsStandalone target not found
Refreshing native plugins compatible for Editor in 0.54 ms, found 3 plugins.
Preloading 0 native plugins for Editor in 0.00 ms.
Mono: successfully reloaded assembly
- Completed reload, in  0.986 seconds
Platform modules already initialized, skipping
Refreshing native plugins compatible for Editor in 0.48 ms, found 3 plugins.
Preloading 0 native plugins for Editor in 0.00 ms.
Unloading 2091 Unused Serialized files (Serialized files now loaded: 0)
System memory in use before: 93.4 MB.
System memory in use after: 93.4 MB.

Unloading 21 unused Assets to reduce memory usage. Loaded Objects now: 2630.
Total: 2.494100 ms (FindLiveObjects: 0.234000 ms CreateObjectMapping: 0.054600 ms MarkObjects: 2.082900 ms  DeleteObjects: 0.120800 ms)

========================================================================
Received Import Request.
  Time since last request: 23.298754 seconds.
  path: Assets/Scripts/Actions/Help.cs
  artifactKey: Guid(6aaa85e4f6e15ed43841301440bfe290) Importer(815301076,1909f56bfc062723c751e8b465ee728b)
Start importing Assets/Scripts/Actions/Help.cs using Guid(6aaa85e4f6e15ed43841301440bfe290) Importer(815301076,1909f56bfc062723c751e8b465ee728b)  -> (artifact id: '84f52167042977bd340e9633682c3f5e') in 0.006646 seconds
  Import took 0.012009 seconds .

========================================================================
Received Prepare
Registering precompiled user dll's ...
Registered in 0.003483 seconds.
Begin MonoManager ReloadAssembly
Native extension for WindowsStandalone target not found
Refreshing native plugins compatible for Editor in 0.50 ms, found 3 plugins.
Preloading 0 native plugins for Editor in 0.00 ms.
Mono: successfully reloaded assembly
- Completed reload, in  0.953 seconds
Platform modules already initialized, skipping
Refreshing native plugins compatible for Editor in 0.62 ms, found 3 plugins.
Preloading 0 native plugins for Editor in 0.00 ms.
Unloading 2091 Unused Serialized files (Serialized files now loaded: 0)
System memory in use before: 93.4 MB.
System memory in use after: 93.4 MB.

Unloading 21 unused Assets to reduce memory usage. Loaded Objects now: 2634.
Total: 2.934400 ms (FindLiveObjects: 0.424500 ms CreateObjectMapping: 0.106800 ms MarkObjects: 2.278000 ms  DeleteObjects: 0.122900 ms)

========================================================================
Received Prepare
Registering precompiled user dll's ...
Registered in 0.003475 seconds.
Begin MonoManager ReloadAssembly
Native extension for WindowsStandalone target not found
Refreshing native plugins compatible for Editor in 0.48 ms, found 3 plugins.
Preloading 0 native plugins for Editor in 0.00 ms.
Mono: successfully reloaded assembly
- Completed reload, in  0.964 seconds
Platform modules already initialized, skipping
Refreshing native plugins compatible for Editor in 0.56 ms, found 3 plugins.
Preloading 0 native plugins for Editor in 0.00 ms.
Unloading 2091 Unused Serialized files (Serialized files now loaded: 0)
System memory in use before: 93.5 MB.
System memory in use after: 93.4 MB.

Unloading 21 unused Assets to reduce memory usage. Loaded Objects now: 2638.
Total: 2.777700 ms (FindLiveObjects: 0.230800 ms CreateObjectMapping: 0.054800 ms MarkObjects: 2.361300 ms  DeleteObjects: 0.128800 ms)

========================================================================
Received Prepare
Refreshing native plugins compatible for Editor in 3.35 ms, found 3 plugins.
Preloading 0 native plugins for Editor in 0.00 ms.
Unloading 19 Unused Serialized files (Serialized files now loaded: 0)
System memory in use before: 52.5 MB.
System memory in use after: 52.5 MB.

Unloading 19 unused Assets to reduce memory usage. Loaded Objects now: 2638.
Total: 2.278800 ms (FindLiveObjects: 0.217600 ms CreateObjectMapping: 0.051800 ms MarkObjects: 1.886100 ms  DeleteObjects: 0.122200 ms)

========================================================================
Received Prepare
Registering precompiled user dll's ...
Registered in 0.003501 seconds.
Begin MonoManager ReloadAssembly
Native extension for WindowsStandalone target not found
Refreshing native plugins compatible for Editor in 0.47 ms, found 3 plugins.
Preloading 0 native plugins for Editor in 0.00 ms.
Mono: successfully reloaded assembly
- Completed reload, in  0.964 seconds
Platform modules already initialized, skipping
Refreshing native plugins compatible for Editor in 0.60 ms, found 3 plugins.
Preloading 0 native plugins for Editor in 0.00 ms.
Unloading 2091 Unused Serialized files (Serialized files now loaded: 0)
System memory in use before: 93.5 MB.
System memory in use after: 93.4 MB.

Unloading 21 unused Assets to reduce memory usage. Loaded Objects now: 2642.
Total: 3.852800 ms (FindLiveObjects: 0.250800 ms CreateObjectMapping: 0.103200 ms MarkObjects: 3.370100 ms  DeleteObjects: 0.126800 ms)

========================================================================
Received Prepare
Refreshing native plugins compatible for Editor in 3.45 ms, found 3 plugins.
Preloading 0 native plugins for Editor in 0.00 ms.
Unloading 19 Unused Serialized files (Serialized files now loaded: 0)
System memory in use before: 52.5 MB.
System memory in use after: 52.5 MB.

Unloading 19 unused Assets to reduce memory usage. Loaded Objects now: 2642.
Total: 2.976900 ms (FindLiveObjects: 0.214200 ms CreateObjectMapping: 0.050600 ms MarkObjects: 2.585900 ms  DeleteObjects: 0.125100 ms)

========================================================================
Received Prepare
Refreshing native plugins compatible for Editor in 3.59 ms, found 3 plugins.
Preloading 0 native plugins for Editor in 0.00 ms.
Unloading 19 Unused Serialized files (Serialized files now loaded: 0)
System memory in use before: 52.5 MB.
System memory in use after: 52.5 MB.

Unloading 19 unused Assets to reduce memory usage. Loaded Objects now: 2642.
Total: 2.375800 ms (FindLiveObjects: 0.220500 ms CreateObjectMapping: 0.052400 ms MarkObjects: 1.982500 ms  DeleteObjects: 0.119300 ms)

========================================================================
Received Prepare
Refreshing native plugins compatible for Editor in 4.00 ms, found 3 plugins.
Preloading 0 native plugins for Editor in 0.00 ms.
Unloading 19 Unused Serialized files (Serialized files now loaded: 0)
System memory in use before: 52.5 MB.
System memory in use after: 52.5 MB.

Unloading 19 unused Assets to reduce memory usage. Loaded Objects now: 2642.
Total: 3.513300 ms (FindLiveObjects: 0.380000 ms CreateObjectMapping: 0.059100 ms MarkObjects: 2.754900 ms  DeleteObjects: 0.318200 ms)

========================================================================
Received Prepare
Registering precompiled user dll's ...
Registered in 0.003493 seconds.
Begin MonoManager ReloadAssembly
Native extension for WindowsStandalone target not found
Refreshing native plugins compatible for Editor in 0.54 ms, found 3 plugins.
Preloading 0 native plugins for Editor in 0.00 ms.
Mono: successfully reloaded assembly
- Completed reload, in  0.990 seconds
Platform modules already initialized, skipping
Refreshing native plugins compatible for Editor in 0.47 ms, found 3 plugins.
Preloading 0 native plugins for Editor in 0.00 ms.
Unloading 2091 Unused Serialized files (Serialized files now loaded: 0)
System memory in use before: 93.5 MB.
System memory in use after: 93.5 MB.

Unloading 21 unused Assets to reduce memory usage. Loaded Objects now: 2646.
Total: 2.719100 ms (FindLiveObjects: 0.328200 ms CreateObjectMapping: 0.054300 ms MarkObjects: 2.213500 ms  DeleteObjects: 0.121800 ms)

========================================================================
Received Import Request.
  Time since last request: 3230.288103 seconds.
  path: Assets/Scripts/Actions/Read.cs
  artifactKey: Guid(09e604aa5d87cea4783e95ae5124115e) Importer(815301076,1909f56bfc062723c751e8b465ee728b)
Start importing Assets/Scripts/Actions/Read.cs using Guid(09e604aa5d87cea4783e95ae5124115e) Importer(815301076,1909f56bfc062723c751e8b465ee728b)  -> (artifact id: 'd44cdd17b15e58189928d4bf205e84b2') in 0.014311 seconds
  Import took 0.018332 seconds .

========================================================================
Received Prepare
Registering precompiled user dll's ...
Registered in 0.007694 seconds.
Begin MonoManager ReloadAssembly
Native extension for WindowsStandalone target not found
Refreshing native plugins compatible for Editor in 0.56 ms, found 3 plugins.
Preloading 0 native plugins for Editor in 0.00 ms.
Mono: successfully reloaded assembly
- Completed reload, in  0.983 seconds
Platform modules already initialized, skipping
Refreshing native plugins compatible for Editor in 0.63 ms, found 3 plugins.
Preloading 0 native plugins for Editor in 0.00 ms.
Unloading 2092 Unused Serialized files (Serialized files now loaded: 0)
System memory in use before: 93.5 MB.
System memory in use after: 93.5 MB.

Unloading 21 unused Assets to reduce memory usage. Loaded Objects now: 2651.
Total: 2.780400 ms (FindLiveObjects: 0.236000 ms CreateObjectMapping: 0.054500 ms MarkObjects: 2.330800 ms  DeleteObjects: 0.157800 ms)

========================================================================
Received Prepare
Registering precompiled user dll's ...
Registered in 0.003790 seconds.
Begin MonoManager ReloadAssembly
Native extension for WindowsStandalone target not found
Refreshing native plugins compatible for Editor in 0.55 ms, found 3 plugins.
Preloading 0 native plugins for Editor in 0.00 ms.
Mono: successfully reloaded assembly
- Completed reload, in  1.019 seconds
Platform modules already initialized, skipping
Refreshing native plugins compatible for Editor in 0.56 ms, found 3 plugins.
Preloading 0 native plugins for Editor in 0.00 ms.
Unloading 2092 Unused Serialized files (Serialized files now loaded: 0)
System memory in use before: 93.5 MB.
System memory in use after: 93.5 MB.

Unloading 21 unused Assets to reduce memory usage. Loaded Objects now: 2655.
Total: 3.627000 ms (FindLiveObjects: 0.297200 ms CreateObjectMapping: 0.055700 ms MarkObjects: 3.146600 ms  DeleteObjects: 0.125700 ms)

========================================================================
Received Import Request.
  Time since last request: 72.158368 seconds.
  path: Assets/Scripts/Actions/Read.cs
  artifactKey: Guid(09e604aa5d87cea4783e95ae5124115e) Importer(815301076,1909f56bfc062723c751e8b465ee728b)
Start importing Assets/Scripts/Actions/Read.cs using Guid(09e604aa5d87cea4783e95ae5124115e) Importer(815301076,1909f56bfc062723c751e8b465ee728b)  -> (artifact id: 'ed9fa334ec8a841b9ac81ec986548a44') in 0.007174 seconds
  Import took 0.011274 seconds .

========================================================================
Received Import Request.
  Time since last request: 15.676921 seconds.
  path: Assets/Actions/Read.asset
  artifactKey: Guid(9be1c54dd95090b408414fcc946fd3c2) Importer(815301076,1909f56bfc062723c751e8b465ee728b)
Start importing Assets/Actions/Read.asset using Guid(9be1c54dd95090b408414fcc946fd3c2) Importer(815301076,1909f56bfc062723c751e8b465ee728b)  -> (artifact id: 'b8e683f890c60e12d2a528769305c43c') in 0.015147 seconds
  Import took 0.019733 seconds .

========================================================================
Received Import Request.
  Time since last request: 446.334993 seconds.
  path: Assets/Scripts/Item.cs
  artifactKey: Guid(09cda5d63fdffcd40a4faef1f55d72ef) Importer(815301076,1909f56bfc062723c751e8b465ee728b)
Start importing Assets/Scripts/Item.cs using Guid(09cda5d63fdffcd40a4faef1f55d72ef) Importer(815301076,1909f56bfc062723c751e8b465ee728b)  -> (artifact id: 'cef9fdfa76f35c301fd5edb5c22f5e86') in 0.009737 seconds
  Import took 0.014585 seconds .

========================================================================
Received Import Request.
  Time since last request: 0.025398 seconds.
  path: Assets/Scripts/Item.cs
  artifactKey: Guid(09cda5d63fdffcd40a4faef1f55d72ef) Importer(815301076,1909f56bfc062723c751e8b465ee728b)
Start importing Assets/Scripts/Item.cs using Guid(09cda5d63fdffcd40a4faef1f55d72ef) Importer(815301076,1909f56bfc062723c751e8b465ee728b)  -> (artifact id: 'cef9fdfa76f35c301fd5edb5c22f5e86') in 0.006443 seconds
  Import took 0.012695 seconds .

========================================================================
Received Prepare
Registering precompiled user dll's ...
Registered in 0.007937 seconds.
Begin MonoManager ReloadAssembly
Native extension for WindowsStandalone target not found
Refreshing native plugins compatible for Editor in 0.48 ms, found 3 plugins.
Preloading 0 native plugins for Editor in 0.00 ms.
Mono: successfully reloaded assembly
- Completed reload, in  1.044 seconds
Platform modules already initialized, skipping
Refreshing native plugins compatible for Editor in 0.57 ms, found 3 plugins.
Preloading 0 native plugins for Editor in 0.00 ms.
Unloading 2092 Unused Serialized files (Serialized files now loaded: 0)
System memory in use before: 93.5 MB.
System memory in use after: 93.5 MB.

Unloading 21 unused Assets to reduce memory usage. Loaded Objects now: 2659.
Total: 2.939000 ms (FindLiveObjects: 0.264000 ms CreateObjectMapping: 0.053600 ms MarkObjects: 2.432300 ms  DeleteObjects: 0.185900 ms)

========================================================================
Received Import Request.
  Time since last request: 44.022162 seconds.
  path: Assets/Scripts/Item.cs
  artifactKey: Guid(09cda5d63fdffcd40a4faef1f55d72ef) Importer(815301076,1909f56bfc062723c751e8b465ee728b)
Start importing Assets/Scripts/Item.cs using Guid(09cda5d63fdffcd40a4faef1f55d72ef) Importer(815301076,1909f56bfc062723c751e8b465ee728b)  -> (artifact id: 'b9718fe0bd6ab11b8393359f9eaeb81d') in 0.008047 seconds
  Import took 0.012426 seconds .

========================================================================
Received Prepare
Registering precompiled user dll's ...
Registered in 0.004191 seconds.
Begin MonoManager ReloadAssembly
Native extension for WindowsStandalone target not found
Refreshing native plugins compatible for Editor in 0.50 ms, found 3 plugins.
Preloading 0 native plugins for Editor in 0.00 ms.
Mono: successfully reloaded assembly
- Completed reload, in  1.048 seconds
Platform modules already initialized, skipping
Refreshing native plugins compatible for Editor in 0.57 ms, found 3 plugins.
Preloading 0 native plugins for Editor in 0.00 ms.
Unloading 2092 Unused Serialized files (Serialized files now loaded: 0)
System memory in use before: 93.5 MB.
System memory in use after: 93.5 MB.

Unloading 21 unused Assets to reduce memory usage. Loaded Objects now: 2663.
Total: 3.174600 ms (FindLiveObjects: 0.363200 ms CreateObjectMapping: 0.073800 ms MarkObjects: 2.541900 ms  DeleteObjects: 0.193900 ms)

========================================================================
Received Prepare
Registering precompiled user dll's ...
Registered in 0.003625 seconds.
Begin MonoManager ReloadAssembly
Native extension for WindowsStandalone target not found
Refreshing native plugins compatible for Editor in 0.47 ms, found 3 plugins.
Preloading 0 native plugins for Editor in 0.00 ms.
Mono: successfully reloaded assembly
- Completed reload, in  1.011 seconds
Platform modules already initialized, skipping
Refreshing native plugins compatible for Editor in 0.64 ms, found 3 plugins.
Preloading 0 native plugins for Editor in 0.00 ms.
Unloading 2092 Unused Serialized files (Serialized files now loaded: 0)
System memory in use before: 93.5 MB.
System memory in use after: 93.5 MB.

Unloading 21 unused Assets to reduce memory usage. Loaded Objects now: 2667.
Total: 3.340400 ms (FindLiveObjects: 0.336700 ms CreateObjectMapping: 0.083700 ms MarkObjects: 2.772900 ms  DeleteObjects: 0.145300 ms)

========================================================================
Received Prepare
Registering precompiled user dll's ...
Registered in 0.005725 seconds.
Begin MonoManager ReloadAssembly
Native extension for WindowsStandalone target not found
Refreshing native plugins compatible for Editor in 0.61 ms, found 3 plugins.
Preloading 0 native plugins for Editor in 0.00 ms.
Mono: successfully reloaded assembly
- Completed reload, in  1.897 seconds
Platform modules already initialized, skipping
Refreshing native plugins compatible for Editor in 0.78 ms, found 3 plugins.
Preloading 0 native plugins for Editor in 0.00 ms.
Unloading 2092 Unused Serialized files (Serialized files now loaded: 0)
System memory in use before: 93.6 MB.
System memory in use after: 93.5 MB.

Unloading 21 unused Assets to reduce memory usage. Loaded Objects now: 2671.
Total: 3.752000 ms (FindLiveObjects: 0.295500 ms CreateObjectMapping: 0.081900 ms MarkObjects: 3.068800 ms  DeleteObjects: 0.303400 ms)

========================================================================
Received Prepare
Refreshing native plugins compatible for Editor in 4.50 ms, found 3 plugins.
Preloading 0 native plugins for Editor in 0.00 ms.
Unloading 19 Unused Serialized files (Serialized files now loaded: 0)
System memory in use before: 52.6 MB.
System memory in use after: 52.6 MB.

Unloading 19 unused Assets to reduce memory usage. Loaded Objects now: 2671.
Total: 2.683500 ms (FindLiveObjects: 0.316800 ms CreateObjectMapping: 0.068000 ms MarkObjects: 2.157700 ms  DeleteObjects: 0.139600 ms)

AssetImportWorkerClient::OnTransportError - code=2 error=End of file
